Washington Nationals
Toronto Blue Jays
Texas Rangers
Tampa Bay Rays
St. Louis Cardinals
Seattle Mariners
San Francisco Giants
San Diego Padres
Pittsburgh Pirates
Philadelphia Phillies
Oakland Athletics
New York Yankees
New York Mets
Minnesota Twins
Milwaukee Brewers
Miami Marlins
Los Angeles Dodgers
Los Angeles Angels of Anaheim
Kansas City Royals
Houston Astros
Detroit Tigers
Colorado Rockies
Cleveland Indians
Cincinnati Reds
Chicago White Sox
Chicago Cubs
Boston Red Sox
Baltimore Orioles
Atlanta Braves
Arizona Diamondbacks
nationals
jays
rangers
rays
cardinals
mariners
giants
padres
pirates
phillies
A's
athletics
yankees
mets
twins
brewers
marlins
dodgers
angels
royals
astros
tigers
rockies
indians
reds
sox
cubs
orioles
braves
diamondbacks
