Boston Celtics
Brooklyn Nets
New York Knicks
Philadelphia 76ers
Toronto Raptors
Chicago Bulls
Cleveland Cavaliers
Detroit Pistons
Indiana Pacers
Milwaukee Bucks
Atlanta Hawks
Charlotte Hornets
Miami Heat
Orlando Magic
Washington Wizards
Dallas Mavericks
Houston Rockets
Memphis Grizzlies
New Orleans Pelicans
San Antonio Spurs
Denver Nuggets
Minnesota Timberwolves
Portland Trail Blazers
Oklahoma City Thunder
Utah Jazz
Golden State Warriors
Los Angeles Clippers
Los Angeles Lakers
Phoenix Suns
Sacramento Kings
celtics
nets
knicks
76ers
raptors
bulls
cavs
pistons
pacers
bucks
hawks
hornets
heat
magic
wizards
mavericks
rockets
grizzlies
pelicans
spurs
nuggets
timberwolves
wolves
trail blazers
thunder
jazz
warriors
clippers
lakers
suns
kings
