Buffalo Bills
Miami Dolphins
New England Patriots
New York Jets
Baltimore Ravens
Cincinnati Bengals
Cleveland Browns
Pittsburgh Steelers
Houston Texans
Indianapolis Colts
Jacksonville Jaguars
Tennessee Titans
Denver Broncos
Kansas City Chiefs
Oakland Raiders
San Diego Chargers
Dallas Cowboys
New York Giants
Philadelphia Eagles
Washington Redskins
Chicago Bears
Detroit Lions
Green Bay Packers
Minnesota Vikings
Atlanta Falcons
Carolina Panthers
New Orleans Saints
Tampa Bay Buccaneers
Arizona Cardinals
St. Louis Rams
San Francisco 49ers
Seattle Seahawks
bills
dolphins
patriots
jets
ravens
bengals
browns
steelers
texans
colts
jaguars
titans
broncos
chiefs
raiders
chargers
cowboys
giants
eagles
redskins
bears
lions
packers
vikings
falcons
panthers
saints
buccaneers
cardinals
rams
49ers
seahawks